<?xml version="1.0" encoding="UTF-8"?>
<!-- Generated by org.testng.reporters.JUnitXMLReporter -->
<testsuite hostname="PU-ATHAKUR.local" ignored="0" tests="6" failures="0" timestamp="14 Aug 2019 12:17:10 GMT" time="4.719" errors="0">
  <testcase name="getCurrentTemp" time="1.7" classname="ApiTest"/>
  <testcase name="getCurrentTemp" time="0.633" classname="ApiTest"/>
  <testcase name="getMaxHeatIndex" time="0.0" classname="ApiTest"/>
  <testcase name="getWeatherForecast" time="0.774" classname="ApiTest"/>
  <testcase name="calculateSD" time="0.001" classname="ApiTest"/>
  <testcase name="getSuggestion" time="1.368" classname="ApiTest"/>
</testsuite>
