<?xml version="1.0" encoding="UTF-8"?>
<!-- Generated by org.testng.reporters.JUnitXMLReporter -->
<testsuite hostname="PU-ATHAKUR.local" ignored="0" tests="6" failures="0" timestamp="15 Aug 2019 08:01:11 GMT" time="3.543" errors="0">
  <testcase name="getCurrentTemp" time="1.597" classname="ApiTest"/>
  <testcase name="getCurrentTemp" time="0.36" classname="ApiTest"/>
  <testcase name="getMaxHeatIndex" time="0.0" classname="ApiTest"/>
  <testcase name="getWeatherForecast" time="0.492" classname="ApiTest"/>
  <testcase name="calculateSD" time="0.0" classname="ApiTest"/>
  <testcase name="getSuggestion" time="0.859" classname="ApiTest"/>
</testsuite>
